 INFO [NanoHttpd Request Processor (#2)] (RequestProcessors.java:211) - Using Fixed-step size calculator with size = 0.1
 INFO [NanoHttpd Request Processor (#2)] (CoeInitialize.scala:78) - loading fmus
 INFO [NanoHttpd Request Processor (#2)] (CoeInitialize.scala:299) - Outputs from: {body}.body = Set(robot_y, robot_z, robot_x, robot_theta)
 INFO [NanoHttpd Request Processor (#2)] (CoeInitialize.scala:299) - Outputs from: {sensor1}.sensor1 = Set(lf_1_sensor_reading)
 INFO [NanoHttpd Request Processor (#2)] (CoeInitialize.scala:299) - Outputs from: {sensor2}.sensor2 = Set(lf_1_sensor_reading)
 INFO [NanoHttpd Request Processor (#2)] (CoeInitialize.scala:299) - Outputs from: {controller}.controller = Set(servoLeftVal, servoRightVal)
 INFO [NanoHttpd Request Processor (#2)] (CoeInitialize.scala:305) - Inputs for: {sensor1}.sensor1
 INFO [NanoHttpd Request Processor (#2)] (CoeInitialize.scala:307) - 	{body}.body.robot_y --> robot_y
 INFO [NanoHttpd Request Processor (#2)] (CoeInitialize.scala:307) - 	{body}.body.robot_z --> robot_z
 INFO [NanoHttpd Request Processor (#2)] (CoeInitialize.scala:307) - 	{body}.body.robot_x --> robot_x
 INFO [NanoHttpd Request Processor (#2)] (CoeInitialize.scala:307) - 	{body}.body.robot_theta --> robot_theta
 INFO [NanoHttpd Request Processor (#2)] (CoeInitialize.scala:305) - Inputs for: {sensor2}.sensor2
 INFO [NanoHttpd Request Processor (#2)] (CoeInitialize.scala:307) - 	{body}.body.robot_y --> robot_y
 INFO [NanoHttpd Request Processor (#2)] (CoeInitialize.scala:307) - 	{body}.body.robot_z --> robot_z
 INFO [NanoHttpd Request Processor (#2)] (CoeInitialize.scala:307) - 	{body}.body.robot_x --> robot_x
 INFO [NanoHttpd Request Processor (#2)] (CoeInitialize.scala:307) - 	{body}.body.robot_theta --> robot_theta
 INFO [NanoHttpd Request Processor (#2)] (CoeInitialize.scala:305) - Inputs for: {controller}.controller
 INFO [NanoHttpd Request Processor (#2)] (CoeInitialize.scala:307) - 	{sensor1}.sensor1.lf_1_sensor_reading --> lfLeftVal
 INFO [NanoHttpd Request Processor (#2)] (CoeInitialize.scala:307) - 	{sensor2}.sensor2.lf_1_sensor_reading --> lfRightVal
 INFO [NanoHttpd Request Processor (#2)] (CoeInitialize.scala:305) - Inputs for: {body}.body
 INFO [NanoHttpd Request Processor (#2)] (CoeInitialize.scala:307) - 	{controller}.controller.servoLeftVal --> servo_left_input
 INFO [NanoHttpd Request Processor (#2)] (CoeInitialize.scala:307) - 	{controller}.controller.servoRightVal --> servo_right_input
 INFO [NanoHttpd Request Processor (#2)] (CoeInitialize.scala:391) - Instantiating FMU. ModelName: 'Body_Block', GUID: '{d244d4b5-c549-4f26-afc4-7f8deef98023}', Vendor tool: '', Generated by: '20-sim', at:  Execution tool required: false
 INFO [NanoHttpd Request Processor (#2)] (CoeInitialize.scala:391) - Instantiating FMU. ModelName: 'Sensor_Block_01', GUID: '{025c5eb0-b752-4e75-8765-8fa40a2f37cf}', Vendor tool: '', Generated by: '20-sim', at:  Execution tool required: false
 INFO [NanoHttpd Request Processor (#2)] (CoeInitialize.scala:391) - Instantiating FMU. ModelName: 'Sensor_Block_02', GUID: '{5a753c67-28b5-465f-9932-d733a7e6b70a}', Vendor tool: '', Generated by: '20-sim', at:  Execution tool required: false
 INFO [NanoHttpd Request Processor (#2)] (CoeInitialize.scala:391) - Instantiating FMU. ModelName: 'LFRController', GUID: '{b09b7e3f-d035-444b-9d16-98107b7c4893}', Vendor tool: 'Overture', Generated by: 'Overture Tool FMI Exporter - v0.2.12', at: 2018-11-21T12:02:04 Execution tool required: true
 WARN [NanoHttpd Request Processor (#2)] (CoeInitialize.scala:395) - Make sure the execution tool: 'Overture' is available during this simulation.
 WARN [NanoHttpd Request Processor (#4)] (BasicInitializer.java:373) - Input not connected for '{controller}.controller.total_energy_used'. It will be set to zero.
 INFO [NanoHttpd Request Processor (#4)] (BasicInitializer.java:319) - Initialization complete
 INFO [NanoHttpd Request Processor (#4)] (Coe.scala:146) - Total simulation time 00:00:03,958, initialization time 00:00:00,859, Simulation time 00:00:03,099
 INFO [NanoHttpd Request Processor (#4)] (Coe.scala:157) - Total global simulations performed: 1
 INFO [NanoHttpd Request Processor (#6)] (RequestProcessors.java:211) - Using Fixed-step size calculator with size = 0.1
 INFO [NanoHttpd Request Processor (#6)] (CoeInitialize.scala:78) - loading fmus
 INFO [NanoHttpd Request Processor (#6)] (CoeInitialize.scala:299) - Outputs from: {body}.body = Set(robot_y, robot_z, robot_x, robot_theta)
 INFO [NanoHttpd Request Processor (#6)] (CoeInitialize.scala:299) - Outputs from: {sensor1}.sensor1 = Set(lf_1_sensor_reading)
 INFO [NanoHttpd Request Processor (#6)] (CoeInitialize.scala:299) - Outputs from: {sensor2}.sensor2 = Set(lf_1_sensor_reading)
 INFO [NanoHttpd Request Processor (#6)] (CoeInitialize.scala:299) - Outputs from: {controller}.controller = Set(servoLeftVal, servoRightVal)
 INFO [NanoHttpd Request Processor (#6)] (CoeInitialize.scala:305) - Inputs for: {sensor1}.sensor1
 INFO [NanoHttpd Request Processor (#6)] (CoeInitialize.scala:307) - 	{body}.body.robot_y --> robot_y
 INFO [NanoHttpd Request Processor (#6)] (CoeInitialize.scala:307) - 	{body}.body.robot_z --> robot_z
 INFO [NanoHttpd Request Processor (#6)] (CoeInitialize.scala:307) - 	{body}.body.robot_x --> robot_x
 INFO [NanoHttpd Request Processor (#6)] (CoeInitialize.scala:307) - 	{body}.body.robot_theta --> robot_theta
 INFO [NanoHttpd Request Processor (#6)] (CoeInitialize.scala:305) - Inputs for: {sensor2}.sensor2
 INFO [NanoHttpd Request Processor (#6)] (CoeInitialize.scala:307) - 	{body}.body.robot_y --> robot_y
 INFO [NanoHttpd Request Processor (#6)] (CoeInitialize.scala:307) - 	{body}.body.robot_z --> robot_z
 INFO [NanoHttpd Request Processor (#6)] (CoeInitialize.scala:307) - 	{body}.body.robot_x --> robot_x
 INFO [NanoHttpd Request Processor (#6)] (CoeInitialize.scala:307) - 	{body}.body.robot_theta --> robot_theta
 INFO [NanoHttpd Request Processor (#6)] (CoeInitialize.scala:305) - Inputs for: {controller}.controller
 INFO [NanoHttpd Request Processor (#6)] (CoeInitialize.scala:307) - 	{sensor1}.sensor1.lf_1_sensor_reading --> lfLeftVal
 INFO [NanoHttpd Request Processor (#6)] (CoeInitialize.scala:307) - 	{sensor2}.sensor2.lf_1_sensor_reading --> lfRightVal
 INFO [NanoHttpd Request Processor (#6)] (CoeInitialize.scala:305) - Inputs for: {body}.body
 INFO [NanoHttpd Request Processor (#6)] (CoeInitialize.scala:307) - 	{controller}.controller.servoLeftVal --> servo_left_input
 INFO [NanoHttpd Request Processor (#6)] (CoeInitialize.scala:307) - 	{controller}.controller.servoRightVal --> servo_right_input
 INFO [NanoHttpd Request Processor (#6)] (CoeInitialize.scala:391) - Instantiating FMU. ModelName: 'Body_Block', GUID: '{d244d4b5-c549-4f26-afc4-7f8deef98023}', Vendor tool: '', Generated by: '20-sim', at:  Execution tool required: false
 INFO [NanoHttpd Request Processor (#6)] (CoeInitialize.scala:391) - Instantiating FMU. ModelName: 'Sensor_Block_01', GUID: '{025c5eb0-b752-4e75-8765-8fa40a2f37cf}', Vendor tool: '', Generated by: '20-sim', at:  Execution tool required: false
 INFO [NanoHttpd Request Processor (#6)] (CoeInitialize.scala:391) - Instantiating FMU. ModelName: 'Sensor_Block_02', GUID: '{5a753c67-28b5-465f-9932-d733a7e6b70a}', Vendor tool: '', Generated by: '20-sim', at:  Execution tool required: false
 INFO [NanoHttpd Request Processor (#6)] (CoeInitialize.scala:391) - Instantiating FMU. ModelName: 'LFRController', GUID: '{b09b7e3f-d035-444b-9d16-98107b7c4893}', Vendor tool: 'Overture', Generated by: 'Overture Tool FMI Exporter - v0.2.12', at: 2018-11-21T12:02:04 Execution tool required: true
 WARN [NanoHttpd Request Processor (#6)] (CoeInitialize.scala:395) - Make sure the execution tool: 'Overture' is available during this simulation.
 WARN [NanoHttpd Request Processor (#8)] (BasicInitializer.java:373) - Input not connected for '{controller}.controller.total_energy_used'. It will be set to zero.
 INFO [NanoHttpd Request Processor (#8)] (BasicInitializer.java:319) - Initialization complete
 INFO [NanoHttpd Request Processor (#8)] (Coe.scala:146) - Total simulation time 00:00:02,746, initialization time 00:00:00,641, Simulation time 00:00:02,105
 INFO [NanoHttpd Request Processor (#8)] (Coe.scala:157) - Total global simulations performed: 2
 INFO [NanoHttpd Request Processor (#10)] (RequestProcessors.java:211) - Using Fixed-step size calculator with size = 0.1
 INFO [NanoHttpd Request Processor (#10)] (CoeInitialize.scala:78) - loading fmus
 INFO [NanoHttpd Request Processor (#10)] (CoeInitialize.scala:299) - Outputs from: {body}.body = Set(robot_y, robot_z, robot_x, robot_theta)
 INFO [NanoHttpd Request Processor (#10)] (CoeInitialize.scala:299) - Outputs from: {sensor1}.sensor1 = Set(lf_1_sensor_reading)
 INFO [NanoHttpd Request Processor (#10)] (CoeInitialize.scala:299) - Outputs from: {sensor2}.sensor2 = Set(lf_1_sensor_reading)
 INFO [NanoHttpd Request Processor (#10)] (CoeInitialize.scala:299) - Outputs from: {controller}.controller = Set(servoLeftVal, servoRightVal)
 INFO [NanoHttpd Request Processor (#10)] (CoeInitialize.scala:305) - Inputs for: {sensor1}.sensor1
 INFO [NanoHttpd Request Processor (#10)] (CoeInitialize.scala:307) - 	{body}.body.robot_y --> robot_y
 INFO [NanoHttpd Request Processor (#10)] (CoeInitialize.scala:307) - 	{body}.body.robot_z --> robot_z
 INFO [NanoHttpd Request Processor (#10)] (CoeInitialize.scala:307) - 	{body}.body.robot_x --> robot_x
 INFO [NanoHttpd Request Processor (#10)] (CoeInitialize.scala:307) - 	{body}.body.robot_theta --> robot_theta
 INFO [NanoHttpd Request Processor (#10)] (CoeInitialize.scala:305) - Inputs for: {sensor2}.sensor2
 INFO [NanoHttpd Request Processor (#10)] (CoeInitialize.scala:307) - 	{body}.body.robot_y --> robot_y
 INFO [NanoHttpd Request Processor (#10)] (CoeInitialize.scala:307) - 	{body}.body.robot_z --> robot_z
 INFO [NanoHttpd Request Processor (#10)] (CoeInitialize.scala:307) - 	{body}.body.robot_x --> robot_x
 INFO [NanoHttpd Request Processor (#10)] (CoeInitialize.scala:307) - 	{body}.body.robot_theta --> robot_theta
 INFO [NanoHttpd Request Processor (#10)] (CoeInitialize.scala:305) - Inputs for: {controller}.controller
 INFO [NanoHttpd Request Processor (#10)] (CoeInitialize.scala:307) - 	{sensor1}.sensor1.lf_1_sensor_reading --> lfLeftVal
 INFO [NanoHttpd Request Processor (#10)] (CoeInitialize.scala:307) - 	{sensor2}.sensor2.lf_1_sensor_reading --> lfRightVal
 INFO [NanoHttpd Request Processor (#10)] (CoeInitialize.scala:305) - Inputs for: {body}.body
 INFO [NanoHttpd Request Processor (#10)] (CoeInitialize.scala:307) - 	{controller}.controller.servoLeftVal --> servo_left_input
 INFO [NanoHttpd Request Processor (#10)] (CoeInitialize.scala:307) - 	{controller}.controller.servoRightVal --> servo_right_input
 INFO [NanoHttpd Request Processor (#10)] (CoeInitialize.scala:391) - Instantiating FMU. ModelName: 'Body_Block', GUID: '{d244d4b5-c549-4f26-afc4-7f8deef98023}', Vendor tool: '', Generated by: '20-sim', at:  Execution tool required: false
 INFO [NanoHttpd Request Processor (#10)] (CoeInitialize.scala:391) - Instantiating FMU. ModelName: 'Sensor_Block_01', GUID: '{025c5eb0-b752-4e75-8765-8fa40a2f37cf}', Vendor tool: '', Generated by: '20-sim', at:  Execution tool required: false
 INFO [NanoHttpd Request Processor (#10)] (CoeInitialize.scala:391) - Instantiating FMU. ModelName: 'Sensor_Block_02', GUID: '{5a753c67-28b5-465f-9932-d733a7e6b70a}', Vendor tool: '', Generated by: '20-sim', at:  Execution tool required: false
 INFO [NanoHttpd Request Processor (#10)] (CoeInitialize.scala:391) - Instantiating FMU. ModelName: 'LFRController', GUID: '{b09b7e3f-d035-444b-9d16-98107b7c4893}', Vendor tool: 'Overture', Generated by: 'Overture Tool FMI Exporter - v0.2.12', at: 2018-11-21T12:02:04 Execution tool required: true
 WARN [NanoHttpd Request Processor (#10)] (CoeInitialize.scala:395) - Make sure the execution tool: 'Overture' is available during this simulation.
 WARN [NanoHttpd Request Processor (#10)] (NanoHTTPD.java:450) - could not delete file 
java.lang.Exception: could not delete temporary file
	at fi.iki.elonen.NanoHTTPD$DefaultTempFile.delete(NanoHTTPD.java:405)
	at fi.iki.elonen.NanoHTTPD$DefaultTempFileManager.clear(NanoHTTPD.java:448)
	at fi.iki.elonen.NanoHTTPD$HTTPSession.execute(NanoHTTPD.java:966)
	at fi.iki.elonen.NanoHTTPD$ClientHandler.run(NanoHTTPD.java:194)
	at java.lang.Thread.run(Unknown Source)
 WARN [NanoHttpd Request Processor (#12)] (BasicInitializer.java:373) - Input not connected for '{controller}.controller.total_energy_used'. It will be set to zero.
 INFO [NanoHttpd Request Processor (#12)] (BasicInitializer.java:319) - Initialization complete
 INFO [NanoHttpd Request Processor (#12)] (Coe.scala:146) - Total simulation time 00:00:07,405, initialization time 00:00:00,642, Simulation time 00:00:06,763
 INFO [NanoHttpd Request Processor (#12)] (Coe.scala:157) - Total global simulations performed: 3
 INFO [NanoHttpd Request Processor (#2)] (RequestProcessors.java:211) - Using Fixed-step size calculator with size = 0.1
 INFO [NanoHttpd Request Processor (#2)] (CoeInitialize.scala:78) - loading fmus
 INFO [NanoHttpd Request Processor (#2)] (CoeInitialize.scala:299) - Outputs from: {body}.body = Set(robot_y, robot_z, robot_x, robot_theta)
 INFO [NanoHttpd Request Processor (#2)] (CoeInitialize.scala:299) - Outputs from: {sensor1}.sensor1 = Set(lf_1_sensor_reading)
 INFO [NanoHttpd Request Processor (#2)] (CoeInitialize.scala:299) - Outputs from: {sensor2}.sensor2 = Set(lf_1_sensor_reading)
 INFO [NanoHttpd Request Processor (#2)] (CoeInitialize.scala:299) - Outputs from: {controller}.controller = Set(servoLeftVal, servoRightVal)
 INFO [NanoHttpd Request Processor (#2)] (CoeInitialize.scala:305) - Inputs for: {sensor1}.sensor1
 INFO [NanoHttpd Request Processor (#2)] (CoeInitialize.scala:307) - 	{body}.body.robot_y --> robot_y
 INFO [NanoHttpd Request Processor (#2)] (CoeInitialize.scala:307) - 	{body}.body.robot_z --> robot_z
 INFO [NanoHttpd Request Processor (#2)] (CoeInitialize.scala:307) - 	{body}.body.robot_x --> robot_x
 INFO [NanoHttpd Request Processor (#2)] (CoeInitialize.scala:307) - 	{body}.body.robot_theta --> robot_theta
 INFO [NanoHttpd Request Processor (#2)] (CoeInitialize.scala:305) - Inputs for: {sensor2}.sensor2
 INFO [NanoHttpd Request Processor (#2)] (CoeInitialize.scala:307) - 	{body}.body.robot_y --> robot_y
 INFO [NanoHttpd Request Processor (#2)] (CoeInitialize.scala:307) - 	{body}.body.robot_z --> robot_z
 INFO [NanoHttpd Request Processor (#2)] (CoeInitialize.scala:307) - 	{body}.body.robot_x --> robot_x
 INFO [NanoHttpd Request Processor (#2)] (CoeInitialize.scala:307) - 	{body}.body.robot_theta --> robot_theta
 INFO [NanoHttpd Request Processor (#2)] (CoeInitialize.scala:305) - Inputs for: {controller}.controller
 INFO [NanoHttpd Request Processor (#2)] (CoeInitialize.scala:307) - 	{sensor1}.sensor1.lf_1_sensor_reading --> lfLeftVal
 INFO [NanoHttpd Request Processor (#2)] (CoeInitialize.scala:307) - 	{sensor2}.sensor2.lf_1_sensor_reading --> lfRightVal
 INFO [NanoHttpd Request Processor (#2)] (CoeInitialize.scala:305) - Inputs for: {body}.body
 INFO [NanoHttpd Request Processor (#2)] (CoeInitialize.scala:307) - 	{controller}.controller.servoLeftVal --> servo_left_input
 INFO [NanoHttpd Request Processor (#2)] (CoeInitialize.scala:307) - 	{controller}.controller.servoRightVal --> servo_right_input
 INFO [NanoHttpd Request Processor (#2)] (CoeInitialize.scala:391) - Instantiating FMU. ModelName: 'Body_Block', GUID: '{d244d4b5-c549-4f26-afc4-7f8deef98023}', Vendor tool: '', Generated by: '20-sim', at:  Execution tool required: false
 INFO [NanoHttpd Request Processor (#2)] (CoeInitialize.scala:391) - Instantiating FMU. ModelName: 'Sensor_Block_01', GUID: '{025c5eb0-b752-4e75-8765-8fa40a2f37cf}', Vendor tool: '', Generated by: '20-sim', at:  Execution tool required: false
 INFO [NanoHttpd Request Processor (#2)] (CoeInitialize.scala:391) - Instantiating FMU. ModelName: 'Sensor_Block_02', GUID: '{5a753c67-28b5-465f-9932-d733a7e6b70a}', Vendor tool: '', Generated by: '20-sim', at:  Execution tool required: false
 INFO [NanoHttpd Request Processor (#2)] (CoeInitialize.scala:391) - Instantiating FMU. ModelName: 'LFRController', GUID: '{b09b7e3f-d035-444b-9d16-98107b7c4893}', Vendor tool: 'Overture', Generated by: 'Overture Tool FMI Exporter - v0.2.12', at: 2018-11-21T12:02:04 Execution tool required: true
 WARN [NanoHttpd Request Processor (#2)] (CoeInitialize.scala:395) - Make sure the execution tool: 'Overture' is available during this simulation.
 WARN [NanoHttpd Request Processor (#4)] (BasicInitializer.java:373) - Input not connected for '{controller}.controller.total_energy_used'. It will be set to zero.
 INFO [NanoHttpd Request Processor (#4)] (BasicInitializer.java:319) - Initialization complete
 INFO [NanoHttpd Request Processor (#4)] (Coe.scala:146) - Total simulation time 00:00:08,440, initialization time 00:00:00,853, Simulation time 00:00:07,587
 INFO [NanoHttpd Request Processor (#4)] (Coe.scala:157) - Total global simulations performed: 1
 INFO [NanoHttpd Request Processor (#6)] (RequestProcessors.java:211) - Using Fixed-step size calculator with size = 0.1
 INFO [NanoHttpd Request Processor (#6)] (CoeInitialize.scala:78) - loading fmus
 INFO [NanoHttpd Request Processor (#6)] (CoeInitialize.scala:299) - Outputs from: {body}.body = Set(robot_y, robot_z, robot_x, robot_theta)
 INFO [NanoHttpd Request Processor (#6)] (CoeInitialize.scala:299) - Outputs from: {sensor1}.sensor1 = Set(lf_1_sensor_reading)
 INFO [NanoHttpd Request Processor (#6)] (CoeInitialize.scala:299) - Outputs from: {sensor2}.sensor2 = Set(lf_1_sensor_reading)
 INFO [NanoHttpd Request Processor (#6)] (CoeInitialize.scala:299) - Outputs from: {controller}.controller = Set(servoLeftVal, servoRightVal)
 INFO [NanoHttpd Request Processor (#6)] (CoeInitialize.scala:305) - Inputs for: {sensor1}.sensor1
 INFO [NanoHttpd Request Processor (#6)] (CoeInitialize.scala:307) - 	{body}.body.robot_y --> robot_y
 INFO [NanoHttpd Request Processor (#6)] (CoeInitialize.scala:307) - 	{body}.body.robot_z --> robot_z
 INFO [NanoHttpd Request Processor (#6)] (CoeInitialize.scala:307) - 	{body}.body.robot_x --> robot_x
 INFO [NanoHttpd Request Processor (#6)] (CoeInitialize.scala:307) - 	{body}.body.robot_theta --> robot_theta
 INFO [NanoHttpd Request Processor (#6)] (CoeInitialize.scala:305) - Inputs for: {sensor2}.sensor2
 INFO [NanoHttpd Request Processor (#6)] (CoeInitialize.scala:307) - 	{body}.body.robot_y --> robot_y
 INFO [NanoHttpd Request Processor (#6)] (CoeInitialize.scala:307) - 	{body}.body.robot_z --> robot_z
 INFO [NanoHttpd Request Processor (#6)] (CoeInitialize.scala:307) - 	{body}.body.robot_x --> robot_x
 INFO [NanoHttpd Request Processor (#6)] (CoeInitialize.scala:307) - 	{body}.body.robot_theta --> robot_theta
 INFO [NanoHttpd Request Processor (#6)] (CoeInitialize.scala:305) - Inputs for: {controller}.controller
 INFO [NanoHttpd Request Processor (#6)] (CoeInitialize.scala:307) - 	{sensor1}.sensor1.lf_1_sensor_reading --> lfLeftVal
 INFO [NanoHttpd Request Processor (#6)] (CoeInitialize.scala:307) - 	{sensor2}.sensor2.lf_1_sensor_reading --> lfRightVal
 INFO [NanoHttpd Request Processor (#6)] (CoeInitialize.scala:305) - Inputs for: {body}.body
 INFO [NanoHttpd Request Processor (#6)] (CoeInitialize.scala:307) - 	{controller}.controller.servoLeftVal --> servo_left_input
 INFO [NanoHttpd Request Processor (#6)] (CoeInitialize.scala:307) - 	{controller}.controller.servoRightVal --> servo_right_input
 INFO [NanoHttpd Request Processor (#6)] (CoeInitialize.scala:391) - Instantiating FMU. ModelName: 'Body_Block', GUID: '{d244d4b5-c549-4f26-afc4-7f8deef98023}', Vendor tool: '', Generated by: '20-sim', at:  Execution tool required: false
 INFO [NanoHttpd Request Processor (#6)] (CoeInitialize.scala:391) - Instantiating FMU. ModelName: 'Sensor_Block_01', GUID: '{025c5eb0-b752-4e75-8765-8fa40a2f37cf}', Vendor tool: '', Generated by: '20-sim', at:  Execution tool required: false
 INFO [NanoHttpd Request Processor (#6)] (CoeInitialize.scala:391) - Instantiating FMU. ModelName: 'Sensor_Block_02', GUID: '{5a753c67-28b5-465f-9932-d733a7e6b70a}', Vendor tool: '', Generated by: '20-sim', at:  Execution tool required: false
 INFO [NanoHttpd Request Processor (#6)] (CoeInitialize.scala:391) - Instantiating FMU. ModelName: 'LFRController', GUID: '{b09b7e3f-d035-444b-9d16-98107b7c4893}', Vendor tool: 'Overture', Generated by: 'Overture Tool FMI Exporter - v0.2.12', at: 2018-11-21T12:02:04 Execution tool required: true
 WARN [NanoHttpd Request Processor (#6)] (CoeInitialize.scala:395) - Make sure the execution tool: 'Overture' is available during this simulation.
 WARN [NanoHttpd Request Processor (#8)] (BasicInitializer.java:373) - Input not connected for '{controller}.controller.total_energy_used'. It will be set to zero.
 INFO [NanoHttpd Request Processor (#8)] (BasicInitializer.java:319) - Initialization complete
 INFO [NanoHttpd Request Processor (#8)] (Coe.scala:146) - Total simulation time 00:00:08,001, initialization time 00:00:00,541, Simulation time 00:00:07,460
 INFO [NanoHttpd Request Processor (#8)] (Coe.scala:157) - Total global simulations performed: 2
